DEBUG:aiosqlite:executing <function connect.<locals>.connector at 0x00000193CC0A02C0>
DEBUG:aiosqlite:operation <function connect.<locals>.connector at 0x00000193CC0A02C0> completed
DEBUG:aiosqlite:executing functools.partial(<built-in method create_function of sqlite3.Connection object at 0x00000193CC04F100>, 'regexp', 2, <function SQLiteDialect_pysqlite.on_connect.<locals>.regexp at 0x00000193CBEACA40>, deterministic=True)
DEBUG:aiosqlite:operation functools.partial(<built-in method create_function of sqlite3.Connection object at 0x00000193CC04F100>, 'regexp', 2, <function SQLiteDialect_pysqlite.on_connect.<locals>.regexp at 0x00000193CBEACA40>, deterministic=True) completed
DEBUG:aiosqlite:executing functools.partial(<built-in method create_function of sqlite3.Connection object at 0x00000193CC04F100>, 'floor', 1, <built-in function floor>, deterministic=True)
DEBUG:aiosqlite:operation functools.partial(<built-in method create_function of sqlite3.Connection object at 0x00000193CC04F100>, 'floor', 1, <built-in function floor>, deterministic=True) completed
DEBUG:aiosqlite:executing functools.partial(<built-in method cursor of sqlite3.Connection object at 0x00000193CC04F100>)
DEBUG:aiosqlite:operation functools.partial(<built-in method cursor of sqlite3.Connection object at 0x00000193CC04F100>) completed
DEBUG:aiosqlite:executing functools.partial(<built-in method execute of sqlite3.Cursor object at 0x00000193CC043E40>, 'PRAGMA read_uncommitted', [])
DEBUG:aiosqlite:operation functools.partial(<built-in method execute of sqlite3.Cursor object at 0x00000193CC043E40>, 'PRAGMA read_uncommitted', []) completed
DEBUG:aiosqlite:executing functools.partial(<built-in method fetchall of sqlite3.Cursor object at 0x00000193CC043E40>)
DEBUG:aiosqlite:operation functools.partial(<built-in method fetchall of sqlite3.Cursor object at 0x00000193CC043E40>) completed
DEBUG:aiosqlite:executing functools.partial(<built-in method close of sqlite3.Cursor object at 0x00000193CC043E40>)
DEBUG:aiosqlite:operation functools.partial(<built-in method close of sqlite3.Cursor object at 0x00000193CC043E40>) completed
DEBUG:aiosqlite:executing functools.partial(<built-in method rollback of sqlite3.Connection object at 0x00000193CC04F100>)
DEBUG:aiosqlite:operation functools.partial(<built-in method rollback of sqlite3.Connection object at 0x00000193CC04F100>) completed
DEBUG:aiosqlite:executing functools.partial(<built-in method cursor of sqlite3.Connection object at 0x00000193CC04F100>)
DEBUG:aiosqlite:operation functools.partial(<built-in method cursor of sqlite3.Connection object at 0x00000193CC04F100>) completed
DEBUG:aiosqlite:executing functools.partial(<built-in method execute of sqlite3.Cursor object at 0x00000193CC043F40>, 'PRAGMA main.table_info("users")', ())
DEBUG:aiosqlite:operation functools.partial(<built-in method execute of sqlite3.Cursor object at 0x00000193CC043F40>, 'PRAGMA main.table_info("users")', ()) completed
DEBUG:aiosqlite:executing functools.partial(<built-in method fetchall of sqlite3.Cursor object at 0x00000193CC043F40>)
DEBUG:aiosqlite:operation functools.partial(<built-in method fetchall of sqlite3.Cursor object at 0x00000193CC043F40>) completed
DEBUG:aiosqlite:executing functools.partial(<built-in method close of sqlite3.Cursor object at 0x00000193CC043F40>)
DEBUG:aiosqlite:operation functools.partial(<built-in method close of sqlite3.Cursor object at 0x00000193CC043F40>) completed
DEBUG:aiosqlite:executing functools.partial(<built-in method cursor of sqlite3.Connection object at 0x00000193CC04F100>)
DEBUG:aiosqlite:operation functools.partial(<built-in method cursor of sqlite3.Connection object at 0x00000193CC04F100>) completed
DEBUG:aiosqlite:executing functools.partial(<built-in method execute of sqlite3.Cursor object at 0x00000193CC043F40>, 'PRAGMA main.table_info("tasks")', ())
DEBUG:aiosqlite:operation functools.partial(<built-in method execute of sqlite3.Cursor object at 0x00000193CC043F40>, 'PRAGMA main.table_info("tasks")', ()) completed
DEBUG:aiosqlite:executing functools.partial(<built-in method fetchall of sqlite3.Cursor object at 0x00000193CC043F40>)
DEBUG:aiosqlite:operation functools.partial(<built-in method fetchall of sqlite3.Cursor object at 0x00000193CC043F40>) completed
DEBUG:aiosqlite:executing functools.partial(<built-in method close of sqlite3.Cursor object at 0x00000193CC043F40>)
DEBUG:aiosqlite:operation functools.partial(<built-in method close of sqlite3.Cursor object at 0x00000193CC043F40>) completed
DEBUG:aiosqlite:executing functools.partial(<built-in method cursor of sqlite3.Connection object at 0x00000193CC04F100>)
DEBUG:aiosqlite:operation functools.partial(<built-in method cursor of sqlite3.Connection object at 0x00000193CC04F100>) completed
DEBUG:aiosqlite:executing functools.partial(<built-in method execute of sqlite3.Cursor object at 0x00000193CC043F40>, 'PRAGMA main.table_info("rkeeper")', ())
DEBUG:aiosqlite:operation functools.partial(<built-in method execute of sqlite3.Cursor object at 0x00000193CC043F40>, 'PRAGMA main.table_info("rkeeper")', ()) completed
DEBUG:aiosqlite:executing functools.partial(<built-in method fetchall of sqlite3.Cursor object at 0x00000193CC043F40>)
DEBUG:aiosqlite:operation functools.partial(<built-in method fetchall of sqlite3.Cursor object at 0x00000193CC043F40>) completed
DEBUG:aiosqlite:executing functools.partial(<built-in method close of sqlite3.Cursor object at 0x00000193CC043F40>)
DEBUG:aiosqlite:operation functools.partial(<built-in method close of sqlite3.Cursor object at 0x00000193CC043F40>) completed
DEBUG:aiosqlite:executing functools.partial(<built-in method commit of sqlite3.Connection object at 0x00000193CC04F100>)
DEBUG:aiosqlite:operation functools.partial(<built-in method commit of sqlite3.Connection object at 0x00000193CC04F100>) completed
DEBUG:aiosqlite:executing functools.partial(<built-in method rollback of sqlite3.Connection object at 0x00000193CC04F100>)
DEBUG:aiosqlite:operation functools.partial(<built-in method rollback of sqlite3.Connection object at 0x00000193CC04F100>) completed
INFO:aiogram.dispatcher:Start polling
INFO:aiogram.dispatcher:Run polling for bot @AlfasoftTSBot id=6157566498 - 'Техподдержка Альфасофт'
INFO:root:/filerk
DEBUG:aiosqlite:executing functools.partial(<built-in method cursor of sqlite3.Connection object at 0x00000193CC04F100>)
DEBUG:aiosqlite:operation functools.partial(<built-in method cursor of sqlite3.Connection object at 0x00000193CC04F100>) completed
DEBUG:aiosqlite:executing functools.partial(<built-in method execute of sqlite3.Cursor object at 0x00000193CC1287C0>, 'SELECT rkeeper.id, rkeeper."codeRk", rkeeper.user \nFROM rkeeper \nWHERE rkeeper.user = ?', (680345695,))
DEBUG:aiosqlite:operation functools.partial(<built-in method execute of sqlite3.Cursor object at 0x00000193CC1287C0>, 'SELECT rkeeper.id, rkeeper."codeRk", rkeeper.user \nFROM rkeeper \nWHERE rkeeper.user = ?', (680345695,)) completed
DEBUG:aiosqlite:executing functools.partial(<built-in method fetchall of sqlite3.Cursor object at 0x00000193CC1287C0>)
DEBUG:aiosqlite:operation functools.partial(<built-in method fetchall of sqlite3.Cursor object at 0x00000193CC1287C0>) completed
DEBUG:aiosqlite:executing functools.partial(<built-in method close of sqlite3.Cursor object at 0x00000193CC1287C0>)
DEBUG:aiosqlite:operation functools.partial(<built-in method close of sqlite3.Cursor object at 0x00000193CC1287C0>) completed
DEBUG:aiosqlite:executing functools.partial(<built-in method rollback of sqlite3.Connection object at 0x00000193CC04F100>)
DEBUG:aiosqlite:operation functools.partial(<built-in method rollback of sqlite3.Connection object at 0x00000193CC04F100>) completed
DEBUG:aiosqlite:executing functools.partial(<built-in method rollback of sqlite3.Connection object at 0x00000193CC04F100>)
DEBUG:aiosqlite:operation functools.partial(<built-in method rollback of sqlite3.Connection object at 0x00000193CC04F100>) completed
DEBUG:aiosqlite:executing functools.partial(<built-in method cursor of sqlite3.Connection object at 0x00000193CC04F100>)
DEBUG:aiosqlite:operation functools.partial(<built-in method cursor of sqlite3.Connection object at 0x00000193CC04F100>) completed
DEBUG:aiosqlite:executing functools.partial(<built-in method execute of sqlite3.Cursor object at 0x00000193CC128CC0>, 'SELECT rkeeper.id, rkeeper."codeRk", rkeeper.user \nFROM rkeeper \nWHERE rkeeper.user = ?', (680345695,))
DEBUG:aiosqlite:operation functools.partial(<built-in method execute of sqlite3.Cursor object at 0x00000193CC128CC0>, 'SELECT rkeeper.id, rkeeper."codeRk", rkeeper.user \nFROM rkeeper \nWHERE rkeeper.user = ?', (680345695,)) completed
DEBUG:aiosqlite:executing functools.partial(<built-in method fetchall of sqlite3.Cursor object at 0x00000193CC128CC0>)
DEBUG:aiosqlite:operation functools.partial(<built-in method fetchall of sqlite3.Cursor object at 0x00000193CC128CC0>) completed
DEBUG:aiosqlite:executing functools.partial(<built-in method close of sqlite3.Cursor object at 0x00000193CC128CC0>)
DEBUG:aiosqlite:operation functools.partial(<built-in method close of sqlite3.Cursor object at 0x00000193CC128CC0>) completed
DEBUG:aiosqlite:executing functools.partial(<built-in method rollback of sqlite3.Connection object at 0x00000193CC04F100>)
DEBUG:aiosqlite:operation functools.partial(<built-in method rollback of sqlite3.Connection object at 0x00000193CC04F100>) completed
DEBUG:aiosqlite:executing functools.partial(<built-in method rollback of sqlite3.Connection object at 0x00000193CC04F100>)
DEBUG:aiosqlite:operation functools.partial(<built-in method rollback of sqlite3.Connection object at 0x00000193CC04F100>) completed
INFO:aiogram.event:Update id=970690593 is handled. Duration 209 ms by bot id=6157566498
DEBUG:aiosqlite:executing <function connect.<locals>.connector at 0x0000021CAF0C34C0>
DEBUG:aiosqlite:operation <function connect.<locals>.connector at 0x0000021CAF0C34C0> completed
DEBUG:aiosqlite:executing functools.partial(<built-in method create_function of sqlite3.Connection object at 0x0000021CAF087880>, 'regexp', 2, <function SQLiteDialect_pysqlite.on_connect.<locals>.regexp at 0x0000021CAEEB7C40>, deterministic=True)
DEBUG:aiosqlite:operation functools.partial(<built-in method create_function of sqlite3.Connection object at 0x0000021CAF087880>, 'regexp', 2, <function SQLiteDialect_pysqlite.on_connect.<locals>.regexp at 0x0000021CAEEB7C40>, deterministic=True) completed
DEBUG:aiosqlite:executing functools.partial(<built-in method create_function of sqlite3.Connection object at 0x0000021CAF087880>, 'floor', 1, <built-in function floor>, deterministic=True)
DEBUG:aiosqlite:operation functools.partial(<built-in method create_function of sqlite3.Connection object at 0x0000021CAF087880>, 'floor', 1, <built-in function floor>, deterministic=True) completed
DEBUG:aiosqlite:executing functools.partial(<built-in method cursor of sqlite3.Connection object at 0x0000021CAF087880>)
DEBUG:aiosqlite:operation functools.partial(<built-in method cursor of sqlite3.Connection object at 0x0000021CAF087880>) completed
DEBUG:aiosqlite:executing functools.partial(<built-in method execute of sqlite3.Cursor object at 0x0000021CAFED12C0>, 'PRAGMA read_uncommitted', [])
DEBUG:aiosqlite:operation functools.partial(<built-in method execute of sqlite3.Cursor object at 0x0000021CAFED12C0>, 'PRAGMA read_uncommitted', []) completed
DEBUG:aiosqlite:executing functools.partial(<built-in method fetchall of sqlite3.Cursor object at 0x0000021CAFED12C0>)
DEBUG:aiosqlite:operation functools.partial(<built-in method fetchall of sqlite3.Cursor object at 0x0000021CAFED12C0>) completed
DEBUG:aiosqlite:executing functools.partial(<built-in method close of sqlite3.Cursor object at 0x0000021CAFED12C0>)
DEBUG:aiosqlite:operation functools.partial(<built-in method close of sqlite3.Cursor object at 0x0000021CAFED12C0>) completed
DEBUG:aiosqlite:executing functools.partial(<built-in method rollback of sqlite3.Connection object at 0x0000021CAF087880>)
DEBUG:aiosqlite:operation functools.partial(<built-in method rollback of sqlite3.Connection object at 0x0000021CAF087880>) completed
DEBUG:aiosqlite:executing functools.partial(<built-in method cursor of sqlite3.Connection object at 0x0000021CAF087880>)
DEBUG:aiosqlite:operation functools.partial(<built-in method cursor of sqlite3.Connection object at 0x0000021CAF087880>) completed
DEBUG:aiosqlite:executing functools.partial(<built-in method execute of sqlite3.Cursor object at 0x0000021CAFED13C0>, 'PRAGMA main.table_info("users")', ())
DEBUG:aiosqlite:operation functools.partial(<built-in method execute of sqlite3.Cursor object at 0x0000021CAFED13C0>, 'PRAGMA main.table_info("users")', ()) completed
DEBUG:aiosqlite:executing functools.partial(<built-in method fetchall of sqlite3.Cursor object at 0x0000021CAFED13C0>)
DEBUG:aiosqlite:operation functools.partial(<built-in method fetchall of sqlite3.Cursor object at 0x0000021CAFED13C0>) completed
DEBUG:aiosqlite:executing functools.partial(<built-in method close of sqlite3.Cursor object at 0x0000021CAFED13C0>)
DEBUG:aiosqlite:operation functools.partial(<built-in method close of sqlite3.Cursor object at 0x0000021CAFED13C0>) completed
DEBUG:aiosqlite:executing functools.partial(<built-in method cursor of sqlite3.Connection object at 0x0000021CAF087880>)
DEBUG:aiosqlite:operation functools.partial(<built-in method cursor of sqlite3.Connection object at 0x0000021CAF087880>) completed
DEBUG:aiosqlite:executing functools.partial(<built-in method execute of sqlite3.Cursor object at 0x0000021CAFED13C0>, 'PRAGMA main.table_info("tasks")', ())
DEBUG:aiosqlite:operation functools.partial(<built-in method execute of sqlite3.Cursor object at 0x0000021CAFED13C0>, 'PRAGMA main.table_info("tasks")', ()) completed
DEBUG:aiosqlite:executing functools.partial(<built-in method fetchall of sqlite3.Cursor object at 0x0000021CAFED13C0>)
DEBUG:aiosqlite:operation functools.partial(<built-in method fetchall of sqlite3.Cursor object at 0x0000021CAFED13C0>) completed
DEBUG:aiosqlite:executing functools.partial(<built-in method close of sqlite3.Cursor object at 0x0000021CAFED13C0>)
DEBUG:aiosqlite:operation functools.partial(<built-in method close of sqlite3.Cursor object at 0x0000021CAFED13C0>) completed
DEBUG:aiosqlite:executing functools.partial(<built-in method cursor of sqlite3.Connection object at 0x0000021CAF087880>)
DEBUG:aiosqlite:operation functools.partial(<built-in method cursor of sqlite3.Connection object at 0x0000021CAF087880>) completed
DEBUG:aiosqlite:executing functools.partial(<built-in method execute of sqlite3.Cursor object at 0x0000021CAFED13C0>, 'PRAGMA main.table_info("rkeeper")', ())
DEBUG:aiosqlite:operation functools.partial(<built-in method execute of sqlite3.Cursor object at 0x0000021CAFED13C0>, 'PRAGMA main.table_info("rkeeper")', ()) completed
DEBUG:aiosqlite:executing functools.partial(<built-in method fetchall of sqlite3.Cursor object at 0x0000021CAFED13C0>)
DEBUG:aiosqlite:operation functools.partial(<built-in method fetchall of sqlite3.Cursor object at 0x0000021CAFED13C0>) completed
DEBUG:aiosqlite:executing functools.partial(<built-in method close of sqlite3.Cursor object at 0x0000021CAFED13C0>)
DEBUG:aiosqlite:operation functools.partial(<built-in method close of sqlite3.Cursor object at 0x0000021CAFED13C0>) completed
DEBUG:aiosqlite:executing functools.partial(<built-in method commit of sqlite3.Connection object at 0x0000021CAF087880>)
DEBUG:aiosqlite:operation functools.partial(<built-in method commit of sqlite3.Connection object at 0x0000021CAF087880>) completed
DEBUG:aiosqlite:executing functools.partial(<built-in method rollback of sqlite3.Connection object at 0x0000021CAF087880>)
DEBUG:aiosqlite:operation functools.partial(<built-in method rollback of sqlite3.Connection object at 0x0000021CAF087880>) completed
INFO:aiogram.dispatcher:Start polling
INFO:aiogram.dispatcher:Run polling for bot @AlfasoftTSBot id=6157566498 - 'Техподдержка Альфасофт'
INFO:root:/filerk
DEBUG:aiosqlite:executing functools.partial(<built-in method cursor of sqlite3.Connection object at 0x0000021CAF087880>)
DEBUG:aiosqlite:operation functools.partial(<built-in method cursor of sqlite3.Connection object at 0x0000021CAF087880>) completed
DEBUG:aiosqlite:executing functools.partial(<built-in method execute of sqlite3.Cursor object at 0x0000021CA8142840>, 'SELECT rkeeper.id, rkeeper."codeRk", rkeeper.user \nFROM rkeeper \nWHERE rkeeper.user = ?', (680345695,))
DEBUG:aiosqlite:operation functools.partial(<built-in method execute of sqlite3.Cursor object at 0x0000021CA8142840>, 'SELECT rkeeper.id, rkeeper."codeRk", rkeeper.user \nFROM rkeeper \nWHERE rkeeper.user = ?', (680345695,)) completed
DEBUG:aiosqlite:executing functools.partial(<built-in method fetchall of sqlite3.Cursor object at 0x0000021CA8142840>)
DEBUG:aiosqlite:operation functools.partial(<built-in method fetchall of sqlite3.Cursor object at 0x0000021CA8142840>) completed
DEBUG:aiosqlite:executing functools.partial(<built-in method close of sqlite3.Cursor object at 0x0000021CA8142840>)
DEBUG:aiosqlite:operation functools.partial(<built-in method close of sqlite3.Cursor object at 0x0000021CA8142840>) completed
DEBUG:aiosqlite:executing functools.partial(<built-in method rollback of sqlite3.Connection object at 0x0000021CAF087880>)
DEBUG:aiosqlite:operation functools.partial(<built-in method rollback of sqlite3.Connection object at 0x0000021CAF087880>) completed
DEBUG:aiosqlite:executing functools.partial(<built-in method rollback of sqlite3.Connection object at 0x0000021CAF087880>)
DEBUG:aiosqlite:operation functools.partial(<built-in method rollback of sqlite3.Connection object at 0x0000021CAF087880>) completed
DEBUG:aiosqlite:executing functools.partial(<built-in method cursor of sqlite3.Connection object at 0x0000021CAF087880>)
DEBUG:aiosqlite:operation functools.partial(<built-in method cursor of sqlite3.Connection object at 0x0000021CAF087880>) completed
DEBUG:aiosqlite:executing functools.partial(<built-in method execute of sqlite3.Cursor object at 0x0000021CA8141E40>, 'SELECT rkeeper.id, rkeeper."codeRk", rkeeper.user \nFROM rkeeper \nWHERE rkeeper.user = ?', (680345695,))
DEBUG:aiosqlite:operation functools.partial(<built-in method execute of sqlite3.Cursor object at 0x0000021CA8141E40>, 'SELECT rkeeper.id, rkeeper."codeRk", rkeeper.user \nFROM rkeeper \nWHERE rkeeper.user = ?', (680345695,)) completed
DEBUG:aiosqlite:executing functools.partial(<built-in method fetchall of sqlite3.Cursor object at 0x0000021CA8141E40>)
DEBUG:aiosqlite:operation functools.partial(<built-in method fetchall of sqlite3.Cursor object at 0x0000021CA8141E40>) completed
DEBUG:aiosqlite:executing functools.partial(<built-in method close of sqlite3.Cursor object at 0x0000021CA8141E40>)
DEBUG:aiosqlite:operation functools.partial(<built-in method close of sqlite3.Cursor object at 0x0000021CA8141E40>) completed
DEBUG:aiosqlite:executing functools.partial(<built-in method rollback of sqlite3.Connection object at 0x0000021CAF087880>)
DEBUG:aiosqlite:operation functools.partial(<built-in method rollback of sqlite3.Connection object at 0x0000021CAF087880>) completed
DEBUG:aiosqlite:executing functools.partial(<built-in method rollback of sqlite3.Connection object at 0x0000021CAF087880>)
DEBUG:aiosqlite:operation functools.partial(<built-in method rollback of sqlite3.Connection object at 0x0000021CAF087880>) completed
INFO:aiogram.event:Update id=970690594 is handled. Duration 228 ms by bot id=6157566498
DEBUG:aiosqlite:executing <function connect.<locals>.connector at 0x0000018B65417560>
DEBUG:aiosqlite:operation <function connect.<locals>.connector at 0x0000018B65417560> completed
DEBUG:aiosqlite:executing functools.partial(<built-in method create_function of sqlite3.Connection object at 0x0000018B653D7B50>, 'regexp', 2, <function SQLiteDialect_pysqlite.on_connect.<locals>.regexp at 0x0000018B65207D80>, deterministic=True)
DEBUG:aiosqlite:operation functools.partial(<built-in method create_function of sqlite3.Connection object at 0x0000018B653D7B50>, 'regexp', 2, <function SQLiteDialect_pysqlite.on_connect.<locals>.regexp at 0x0000018B65207D80>, deterministic=True) completed
DEBUG:aiosqlite:executing functools.partial(<built-in method create_function of sqlite3.Connection object at 0x0000018B653D7B50>, 'floor', 1, <built-in function floor>, deterministic=True)
DEBUG:aiosqlite:operation functools.partial(<built-in method create_function of sqlite3.Connection object at 0x0000018B653D7B50>, 'floor', 1, <built-in function floor>, deterministic=True) completed
DEBUG:aiosqlite:executing functools.partial(<built-in method cursor of sqlite3.Connection object at 0x0000018B653D7B50>)
DEBUG:aiosqlite:operation functools.partial(<built-in method cursor of sqlite3.Connection object at 0x0000018B653D7B50>) completed
DEBUG:aiosqlite:executing functools.partial(<built-in method execute of sqlite3.Cursor object at 0x0000018B661E53C0>, 'PRAGMA read_uncommitted', [])
DEBUG:aiosqlite:operation functools.partial(<built-in method execute of sqlite3.Cursor object at 0x0000018B661E53C0>, 'PRAGMA read_uncommitted', []) completed
DEBUG:aiosqlite:executing functools.partial(<built-in method fetchall of sqlite3.Cursor object at 0x0000018B661E53C0>)
DEBUG:aiosqlite:operation functools.partial(<built-in method fetchall of sqlite3.Cursor object at 0x0000018B661E53C0>) completed
DEBUG:aiosqlite:executing functools.partial(<built-in method close of sqlite3.Cursor object at 0x0000018B661E53C0>)
DEBUG:aiosqlite:operation functools.partial(<built-in method close of sqlite3.Cursor object at 0x0000018B661E53C0>) completed
DEBUG:aiosqlite:executing functools.partial(<built-in method rollback of sqlite3.Connection object at 0x0000018B653D7B50>)
DEBUG:aiosqlite:operation functools.partial(<built-in method rollback of sqlite3.Connection object at 0x0000018B653D7B50>) completed
DEBUG:aiosqlite:executing functools.partial(<built-in method cursor of sqlite3.Connection object at 0x0000018B653D7B50>)
DEBUG:aiosqlite:operation functools.partial(<built-in method cursor of sqlite3.Connection object at 0x0000018B653D7B50>) completed
DEBUG:aiosqlite:executing functools.partial(<built-in method execute of sqlite3.Cursor object at 0x0000018B661E54C0>, 'PRAGMA main.table_info("users")', ())
DEBUG:aiosqlite:operation functools.partial(<built-in method execute of sqlite3.Cursor object at 0x0000018B661E54C0>, 'PRAGMA main.table_info("users")', ()) completed
DEBUG:aiosqlite:executing functools.partial(<built-in method fetchall of sqlite3.Cursor object at 0x0000018B661E54C0>)
DEBUG:aiosqlite:operation functools.partial(<built-in method fetchall of sqlite3.Cursor object at 0x0000018B661E54C0>) completed
DEBUG:aiosqlite:executing functools.partial(<built-in method close of sqlite3.Cursor object at 0x0000018B661E54C0>)
DEBUG:aiosqlite:operation functools.partial(<built-in method close of sqlite3.Cursor object at 0x0000018B661E54C0>) completed
DEBUG:aiosqlite:executing functools.partial(<built-in method cursor of sqlite3.Connection object at 0x0000018B653D7B50>)
DEBUG:aiosqlite:operation functools.partial(<built-in method cursor of sqlite3.Connection object at 0x0000018B653D7B50>) completed
DEBUG:aiosqlite:executing functools.partial(<built-in method execute of sqlite3.Cursor object at 0x0000018B661E54C0>, 'PRAGMA main.table_info("tasks")', ())
DEBUG:aiosqlite:operation functools.partial(<built-in method execute of sqlite3.Cursor object at 0x0000018B661E54C0>, 'PRAGMA main.table_info("tasks")', ()) completed
DEBUG:aiosqlite:executing functools.partial(<built-in method fetchall of sqlite3.Cursor object at 0x0000018B661E54C0>)
DEBUG:aiosqlite:operation functools.partial(<built-in method fetchall of sqlite3.Cursor object at 0x0000018B661E54C0>) completed
DEBUG:aiosqlite:executing functools.partial(<built-in method close of sqlite3.Cursor object at 0x0000018B661E54C0>)
DEBUG:aiosqlite:operation functools.partial(<built-in method close of sqlite3.Cursor object at 0x0000018B661E54C0>) completed
DEBUG:aiosqlite:executing functools.partial(<built-in method cursor of sqlite3.Connection object at 0x0000018B653D7B50>)
DEBUG:aiosqlite:operation functools.partial(<built-in method cursor of sqlite3.Connection object at 0x0000018B653D7B50>) completed
DEBUG:aiosqlite:executing functools.partial(<built-in method execute of sqlite3.Cursor object at 0x0000018B661E54C0>, 'PRAGMA main.table_info("rkeeper")', ())
DEBUG:aiosqlite:operation functools.partial(<built-in method execute of sqlite3.Cursor object at 0x0000018B661E54C0>, 'PRAGMA main.table_info("rkeeper")', ()) completed
DEBUG:aiosqlite:executing functools.partial(<built-in method fetchall of sqlite3.Cursor object at 0x0000018B661E54C0>)
DEBUG:aiosqlite:operation functools.partial(<built-in method fetchall of sqlite3.Cursor object at 0x0000018B661E54C0>) completed
DEBUG:aiosqlite:executing functools.partial(<built-in method close of sqlite3.Cursor object at 0x0000018B661E54C0>)
DEBUG:aiosqlite:operation functools.partial(<built-in method close of sqlite3.Cursor object at 0x0000018B661E54C0>) completed
DEBUG:aiosqlite:executing functools.partial(<built-in method commit of sqlite3.Connection object at 0x0000018B653D7B50>)
DEBUG:aiosqlite:operation functools.partial(<built-in method commit of sqlite3.Connection object at 0x0000018B653D7B50>) completed
DEBUG:aiosqlite:executing functools.partial(<built-in method rollback of sqlite3.Connection object at 0x0000018B653D7B50>)
DEBUG:aiosqlite:operation functools.partial(<built-in method rollback of sqlite3.Connection object at 0x0000018B653D7B50>) completed
INFO:aiogram.dispatcher:Start polling
INFO:aiogram.dispatcher:Run polling for bot @AlfasoftTSBot id=6157566498 - 'Техподдержка Альфасофт'
INFO:root:/registration
DEBUG:aiosqlite:executing functools.partial(<built-in method cursor of sqlite3.Connection object at 0x0000018B653D7B50>)
DEBUG:aiosqlite:operation functools.partial(<built-in method cursor of sqlite3.Connection object at 0x0000018B653D7B50>) completed
DEBUG:aiosqlite:executing functools.partial(<built-in method execute of sqlite3.Cursor object at 0x0000018B654912C0>, 'SELECT users.id, users.tg_id, users.name, users.inn, users.soft, users.soft_id, users.number \nFROM users \nWHERE users.tg_id = ?', (680345695,))
DEBUG:aiosqlite:operation functools.partial(<built-in method execute of sqlite3.Cursor object at 0x0000018B654912C0>, 'SELECT users.id, users.tg_id, users.name, users.inn, users.soft, users.soft_id, users.number \nFROM users \nWHERE users.tg_id = ?', (680345695,)) completed
DEBUG:aiosqlite:executing functools.partial(<built-in method fetchall of sqlite3.Cursor object at 0x0000018B654912C0>)
DEBUG:aiosqlite:operation functools.partial(<built-in method fetchall of sqlite3.Cursor object at 0x0000018B654912C0>) completed
DEBUG:aiosqlite:executing functools.partial(<built-in method close of sqlite3.Cursor object at 0x0000018B654912C0>)
DEBUG:aiosqlite:operation functools.partial(<built-in method close of sqlite3.Cursor object at 0x0000018B654912C0>) completed
DEBUG:aiosqlite:executing functools.partial(<built-in method rollback of sqlite3.Connection object at 0x0000018B653D7B50>)
DEBUG:aiosqlite:operation functools.partial(<built-in method rollback of sqlite3.Connection object at 0x0000018B653D7B50>) completed
DEBUG:aiosqlite:executing functools.partial(<built-in method rollback of sqlite3.Connection object at 0x0000018B653D7B50>)
DEBUG:aiosqlite:operation functools.partial(<built-in method rollback of sqlite3.Connection object at 0x0000018B653D7B50>) completed
INFO:aiogram.event:Update id=970690595 is handled. Duration 231 ms by bot id=6157566498
INFO:root:/help
DEBUG:aiosqlite:executing functools.partial(<built-in method cursor of sqlite3.Connection object at 0x0000018B653D7B50>)
DEBUG:aiosqlite:operation functools.partial(<built-in method cursor of sqlite3.Connection object at 0x0000018B653D7B50>) completed
DEBUG:aiosqlite:executing functools.partial(<built-in method execute of sqlite3.Cursor object at 0x0000018B661E5740>, 'SELECT rkeeper.id, rkeeper."codeRk", rkeeper.user \nFROM rkeeper \nWHERE rkeeper.user = ?', (680345695,))
DEBUG:aiosqlite:operation functools.partial(<built-in method execute of sqlite3.Cursor object at 0x0000018B661E5740>, 'SELECT rkeeper.id, rkeeper."codeRk", rkeeper.user \nFROM rkeeper \nWHERE rkeeper.user = ?', (680345695,)) completed
DEBUG:aiosqlite:executing functools.partial(<built-in method fetchall of sqlite3.Cursor object at 0x0000018B661E5740>)
DEBUG:aiosqlite:operation functools.partial(<built-in method fetchall of sqlite3.Cursor object at 0x0000018B661E5740>) completed
DEBUG:aiosqlite:executing functools.partial(<built-in method close of sqlite3.Cursor object at 0x0000018B661E5740>)
DEBUG:aiosqlite:operation functools.partial(<built-in method close of sqlite3.Cursor object at 0x0000018B661E5740>) completed
DEBUG:aiosqlite:executing functools.partial(<built-in method rollback of sqlite3.Connection object at 0x0000018B653D7B50>)
DEBUG:aiosqlite:operation functools.partial(<built-in method rollback of sqlite3.Connection object at 0x0000018B653D7B50>) completed
DEBUG:aiosqlite:executing functools.partial(<built-in method rollback of sqlite3.Connection object at 0x0000018B653D7B50>)
DEBUG:aiosqlite:operation functools.partial(<built-in method rollback of sqlite3.Connection object at 0x0000018B653D7B50>) completed
INFO:aiogram.event:Update id=970690596 is handled. Duration 103 ms by bot id=6157566498
INFO:root:/newtask
DEBUG:aiosqlite:executing functools.partial(<built-in method cursor of sqlite3.Connection object at 0x0000018B653D7B50>)
DEBUG:aiosqlite:operation functools.partial(<built-in method cursor of sqlite3.Connection object at 0x0000018B653D7B50>) completed
DEBUG:aiosqlite:executing functools.partial(<built-in method execute of sqlite3.Cursor object at 0x0000018B66986740>, 'SELECT users.id, users.tg_id, users.name, users.inn, users.soft, users.soft_id, users.number \nFROM users \nWHERE users.tg_id = ?', (680345695,))
DEBUG:aiosqlite:operation functools.partial(<built-in method execute of sqlite3.Cursor object at 0x0000018B66986740>, 'SELECT users.id, users.tg_id, users.name, users.inn, users.soft, users.soft_id, users.number \nFROM users \nWHERE users.tg_id = ?', (680345695,)) completed
DEBUG:aiosqlite:executing functools.partial(<built-in method fetchall of sqlite3.Cursor object at 0x0000018B66986740>)
DEBUG:aiosqlite:operation functools.partial(<built-in method fetchall of sqlite3.Cursor object at 0x0000018B66986740>) completed
DEBUG:aiosqlite:executing functools.partial(<built-in method close of sqlite3.Cursor object at 0x0000018B66986740>)
DEBUG:aiosqlite:operation functools.partial(<built-in method close of sqlite3.Cursor object at 0x0000018B66986740>) completed
DEBUG:aiosqlite:executing functools.partial(<built-in method rollback of sqlite3.Connection object at 0x0000018B653D7B50>)
DEBUG:aiosqlite:operation functools.partial(<built-in method rollback of sqlite3.Connection object at 0x0000018B653D7B50>) completed
DEBUG:aiosqlite:executing functools.partial(<built-in method rollback of sqlite3.Connection object at 0x0000018B653D7B50>)
DEBUG:aiosqlite:operation functools.partial(<built-in method rollback of sqlite3.Connection object at 0x0000018B653D7B50>) completed
DEBUG:aiosqlite:executing functools.partial(<built-in method cursor of sqlite3.Connection object at 0x0000018B653D7B50>)
DEBUG:aiosqlite:operation functools.partial(<built-in method cursor of sqlite3.Connection object at 0x0000018B653D7B50>) completed
DEBUG:aiosqlite:executing functools.partial(<built-in method execute of sqlite3.Cursor object at 0x0000018B661E5040>, 'SELECT tasks.id, tasks."taskID", tasks.user \nFROM tasks \nWHERE tasks.user = ?', (680345695,))
DEBUG:aiosqlite:operation functools.partial(<built-in method execute of sqlite3.Cursor object at 0x0000018B661E5040>, 'SELECT tasks.id, tasks."taskID", tasks.user \nFROM tasks \nWHERE tasks.user = ?', (680345695,)) completed
DEBUG:aiosqlite:executing functools.partial(<built-in method fetchall of sqlite3.Cursor object at 0x0000018B661E5040>)
DEBUG:aiosqlite:operation functools.partial(<built-in method fetchall of sqlite3.Cursor object at 0x0000018B661E5040>) completed
DEBUG:aiosqlite:executing functools.partial(<built-in method close of sqlite3.Cursor object at 0x0000018B661E5040>)
DEBUG:aiosqlite:operation functools.partial(<built-in method close of sqlite3.Cursor object at 0x0000018B661E5040>) completed
DEBUG:aiosqlite:executing functools.partial(<built-in method rollback of sqlite3.Connection object at 0x0000018B653D7B50>)
DEBUG:aiosqlite:operation functools.partial(<built-in method rollback of sqlite3.Connection object at 0x0000018B653D7B50>) completed
DEBUG:aiosqlite:executing functools.partial(<built-in method rollback of sqlite3.Connection object at 0x0000018B653D7B50>)
DEBUG:aiosqlite:operation functools.partial(<built-in method rollback of sqlite3.Connection object at 0x0000018B653D7B50>) completed
INFO:aiogram.event:Update id=970690597 is handled. Duration 72 ms by bot id=6157566498
INFO:aiogram.event:Update id=970690598 is not handled. Duration 0 ms by bot id=6157566498
